C:\USERS\YOSBI ALVES\DESKTOP\Y-GAMES\Y-G ARCANOID\Y-G ARKANOID\DEBUG\Y-G ARKANOID.EXE
C:\USERS\YOSBI ALVES\DESKTOP\Y-GAMES\Y-G ARCANOID\Y-G ARKANOID\DEBUG\Y-G ARKANOID.ILK
C:\USERS\YOSBI ALVES\DESKTOP\Y-GAMES\Y-G ARCANOID\Y-G ARKANOID\DEBUG\Y-G ARKANOID.PDB
C:\USERS\YOSBI ALVES\DESKTOP\Y-GAMES\Y-G ARCANOID\Y-G ARKANOID\Y-G ARKANOID\DEBUG\ARKANOIDGAME.OBJ
C:\USERS\YOSBI ALVES\DESKTOP\Y-GAMES\Y-G ARCANOID\Y-G ARKANOID\Y-G ARKANOID\DEBUG\BACKBUFFER.OBJ
C:\USERS\YOSBI ALVES\DESKTOP\Y-GAMES\Y-G ARCANOID\Y-G ARKANOID\Y-G ARKANOID\DEBUG\CIRCLE.OBJ
C:\Users\Yosbi Alves\Desktop\Y-Games\Y-G Arcanoid\Y-G Arkanoid\Y-G Arkanoid\Debug\cl.command.1.tlog
C:\Users\Yosbi Alves\Desktop\Y-Games\Y-G Arcanoid\Y-G Arkanoid\Y-G Arkanoid\Debug\CL.read.1.tlog
C:\Users\Yosbi Alves\Desktop\Y-Games\Y-G Arcanoid\Y-G Arkanoid\Y-G Arkanoid\Debug\CL.write.1.tlog
C:\Users\Yosbi Alves\Desktop\Y-Games\Y-G Arcanoid\Y-G Arkanoid\Y-G Arkanoid\Debug\link.1220.read.1.tlog
C:\Users\Yosbi Alves\Desktop\Y-Games\Y-G Arcanoid\Y-G Arkanoid\Y-G Arkanoid\Debug\link.1220.write.1.tlog
C:\Users\Yosbi Alves\Desktop\Y-Games\Y-G Arcanoid\Y-G Arkanoid\Y-G Arkanoid\Debug\link.1220-cvtres.read.1.tlog
C:\Users\Yosbi Alves\Desktop\Y-Games\Y-G Arcanoid\Y-G Arkanoid\Y-G Arkanoid\Debug\link.1220-cvtres.write.1.tlog
C:\Users\Yosbi Alves\Desktop\Y-Games\Y-G Arcanoid\Y-G Arkanoid\Y-G Arkanoid\Debug\link.1260.read.1.tlog
C:\Users\Yosbi Alves\Desktop\Y-Games\Y-G Arcanoid\Y-G Arkanoid\Y-G Arkanoid\Debug\link.1260.write.1.tlog
C:\Users\Yosbi Alves\Desktop\Y-Games\Y-G Arcanoid\Y-G Arkanoid\Y-G Arkanoid\Debug\link.1260-cvtres.read.1.tlog
C:\Users\Yosbi Alves\Desktop\Y-Games\Y-G Arcanoid\Y-G Arkanoid\Y-G Arkanoid\Debug\link.1260-cvtres.write.1.tlog
C:\Users\Yosbi Alves\Desktop\Y-Games\Y-G Arcanoid\Y-G Arkanoid\Y-G Arkanoid\Debug\link.1368.read.1.tlog
C:\Users\Yosbi Alves\Desktop\Y-Games\Y-G Arcanoid\Y-G Arkanoid\Y-G Arkanoid\Debug\link.1368.write.1.tlog
C:\Users\Yosbi Alves\Desktop\Y-Games\Y-G Arcanoid\Y-G Arkanoid\Y-G Arkanoid\Debug\link.1368-cvtres.read.1.tlog
C:\Users\Yosbi Alves\Desktop\Y-Games\Y-G Arcanoid\Y-G Arkanoid\Y-G Arkanoid\Debug\link.1368-cvtres.write.1.tlog
C:\Users\Yosbi Alves\Desktop\Y-Games\Y-G Arcanoid\Y-G Arkanoid\Y-G Arkanoid\Debug\link.3300.read.1.tlog
C:\Users\Yosbi Alves\Desktop\Y-Games\Y-G Arcanoid\Y-G Arkanoid\Y-G Arkanoid\Debug\link.3300.write.1.tlog
C:\Users\Yosbi Alves\Desktop\Y-Games\Y-G Arcanoid\Y-G Arkanoid\Y-G Arkanoid\Debug\link.3300-cvtres.read.1.tlog
C:\Users\Yosbi Alves\Desktop\Y-Games\Y-G Arcanoid\Y-G Arkanoid\Y-G Arkanoid\Debug\link.3300-cvtres.write.1.tlog
C:\Users\Yosbi Alves\Desktop\Y-Games\Y-G Arcanoid\Y-G Arkanoid\Y-G Arkanoid\Debug\link.3732.read.1.tlog
C:\Users\Yosbi Alves\Desktop\Y-Games\Y-G Arcanoid\Y-G Arkanoid\Y-G Arkanoid\Debug\link.3732.write.1.tlog
C:\Users\Yosbi Alves\Desktop\Y-Games\Y-G Arcanoid\Y-G Arkanoid\Y-G Arkanoid\Debug\link.3732-cvtres.read.1.tlog
C:\Users\Yosbi Alves\Desktop\Y-Games\Y-G Arcanoid\Y-G Arkanoid\Y-G Arkanoid\Debug\link.3732-cvtres.write.1.tlog
C:\Users\Yosbi Alves\Desktop\Y-Games\Y-G Arcanoid\Y-G Arkanoid\Y-G Arkanoid\Debug\link.command.1.tlog
C:\Users\Yosbi Alves\Desktop\Y-Games\Y-G Arcanoid\Y-G Arkanoid\Y-G Arkanoid\Debug\link.read.1.tlog
C:\Users\Yosbi Alves\Desktop\Y-Games\Y-G Arcanoid\Y-G Arkanoid\Y-G Arkanoid\Debug\link.write.1.tlog
C:\Users\Yosbi Alves\Desktop\Y-Games\Y-G Arcanoid\Y-G Arkanoid\Y-G Arkanoid\Debug\link-cvtres.read.1.tlog
C:\Users\Yosbi Alves\Desktop\Y-Games\Y-G Arcanoid\Y-G Arkanoid\Y-G Arkanoid\Debug\link-cvtres.write.1.tlog
C:\Users\Yosbi Alves\Desktop\Y-Games\Y-G Arcanoid\Y-G Arkanoid\Y-G Arkanoid\Debug\mt.command.1.tlog
C:\Users\Yosbi Alves\Desktop\Y-Games\Y-G Arcanoid\Y-G Arkanoid\Y-G Arkanoid\Debug\mt.read.1.tlog
C:\Users\Yosbi Alves\Desktop\Y-Games\Y-G Arcanoid\Y-G Arkanoid\Y-G Arkanoid\Debug\mt.write.1.tlog
C:\Users\Yosbi Alves\Desktop\Y-Games\Y-G Arcanoid\Y-G Arkanoid\Y-G Arkanoid\Debug\rc.command.1.tlog
C:\Users\Yosbi Alves\Desktop\Y-Games\Y-G Arcanoid\Y-G Arkanoid\Y-G Arkanoid\Debug\rc.read.1.tlog
C:\Users\Yosbi Alves\Desktop\Y-Games\Y-G Arcanoid\Y-G Arkanoid\Y-G Arkanoid\Debug\rc.write.1.tlog
C:\USERS\YOSBI ALVES\DESKTOP\Y-GAMES\Y-G ARCANOID\Y-G ARKANOID\Y-G ARKANOID\DEBUG\RECT.OBJ
C:\USERS\YOSBI ALVES\DESKTOP\Y-GAMES\Y-G ARCANOID\Y-G ARKANOID\Y-G ARKANOID\DEBUG\SPRITE.OBJ
C:\Users\Yosbi Alves\Desktop\Y-Games\Y-G Arcanoid\Y-G Arkanoid\Y-G Arkanoid\Debug\vc100.idb
C:\USERS\YOSBI ALVES\DESKTOP\Y-GAMES\Y-G ARCANOID\Y-G ARKANOID\Y-G ARKANOID\DEBUG\VC100.PDB
C:\USERS\YOSBI ALVES\DESKTOP\Y-GAMES\Y-G ARCANOID\Y-G ARKANOID\Y-G ARKANOID\DEBUG\VEC2.OBJ
C:\USERS\YOSBI ALVES\DESKTOP\Y-GAMES\Y-G ARCANOID\Y-G ARKANOID\Y-G ARKANOID\DEBUG\Y-G ARKANOID.EXE.EMBED.MANIFEST
C:\USERS\YOSBI ALVES\DESKTOP\Y-GAMES\Y-G ARCANOID\Y-G ARKANOID\Y-G ARKANOID\DEBUG\Y-G ARKANOID.EXE.EMBED.MANIFEST.RES
C:\USERS\YOSBI ALVES\DESKTOP\Y-GAMES\Y-G ARCANOID\Y-G ARKANOID\Y-G ARKANOID\DEBUG\Y-G ARKANOID.EXE.INTERMEDIATE.MANIFEST
C:\USERS\YOSBI ALVES\DESKTOP\Y-GAMES\Y-G ARCANOID\Y-G ARKANOID\Y-G ARKANOID\DEBUG\Y-G ARKANOID.OBJ
C:\USERS\YOSBI ALVES\DESKTOP\Y-GAMES\Y-G ARCANOID\Y-G ARKANOID\Y-G ARKANOID\DEBUG\Y-G ARKANOID.RES
C:\Users\Yosbi Alves\Desktop\Y-Games\Y-G Arcanoid\Y-G Arkanoid\Y-G Arkanoid\Debug\Y-G Arkanoid_manifest.rc
