Build started 20/01/2011 11:27:28 a.m..
     1>Project "C:\Users\Yosbi Alves\Desktop\Y-Games\Y-G Arcanoid\Y-G Arkanoid\Y-G Arkanoid\Y-G Arkanoid.vcxproj" on node 2 (build target(s)).
     1>InitializeBuildStatus:
         Creating "Debug\Y-G Arkanoid.unsuccessfulbuild" because "AlwaysCreate" was specified.
       ClCompile:
         All outputs are up-to-date.
       ResourceCompile:
         C:\Program Files\Microsoft SDKs\Windows\v7.0A\bin\rc.exe /l"0x0409" /nologo /fo"Debug\Y-G Arkanoid.res" "Y-G Arkanoid.rc" 
       ManifestResourceCompile:
         All outputs are up-to-date.
       Link:
         C:\Program Files\Microsoft Visual Studio 10.0\VC\bin\link.exe /ERRORREPORT:PROMPT /OUT:"C:\Users\Yosbi Alves\Desktop\Y-Games\Y-G Arcanoid\Y-G Arkanoid\Debug\Y-G Arkanoid.exe" /INCREMENTAL /NOLOGO kernel32.lib user32.lib gdi32.lib winspool.lib comdlg32.lib advapi32.lib shell32.lib ole32.lib oleaut32.lib uuid.lib odbc32.lib odbccp32.lib /MANIFEST /ManifestFile:"Debug\Y-G Arkanoid.exe.intermediate.manifest" /MANIFESTUAC:"level='asInvoker' uiAccess='false'" /DEBUG /PDB:"C:\Users\Yosbi Alves\Desktop\Y-Games\Y-G Arcanoid\Y-G Arkanoid\Debug\Y-G Arkanoid.pdb" /SUBSYSTEM:WINDOWS /TLBID:1 /DYNAMICBASE /NXCOMPAT /IMPLIB:"C:\Users\Yosbi Alves\Desktop\Y-Games\Y-G Arcanoid\Y-G Arkanoid\Debug\Y-G Arkanoid.lib" /MACHINE:X86 "Debug\Y-G Arkanoid.res"
         "Debug\Y-G Arkanoid.exe.embed.manifest.res"
         Debug\ArkanoidGame.obj
         Debug\BackBuffer.obj
         Debug\Circle.obj
         Debug\Rect.obj
         Debug\Sprite.obj
         Debug\Vec2.obj
         "Debug\Y-G Arkanoid.obj"
       Manifest:
         C:\Program Files\Microsoft SDKs\Windows\v7.0A\bin\mt.exe /nologo /verbose /out:"Debug\Y-G Arkanoid.exe.embed.manifest" /manifest "Debug\Y-G Arkanoid.exe.intermediate.manifest"
         All outputs are up-to-date.
       LinkEmbedManifest:
         All outputs are up-to-date.
         Y-G Arkanoid.vcxproj -> C:\Users\Yosbi Alves\Desktop\Y-Games\Y-G Arcanoid\Y-G Arkanoid\Debug\Y-G Arkanoid.exe
       FinalizeBuildStatus:
         Deleting file "Debug\Y-G Arkanoid.unsuccessfulbuild".
         Touching "Debug\Y-G Arkanoid.lastbuildstate".
     1>Done Building Project "C:\Users\Yosbi Alves\Desktop\Y-Games\Y-G Arcanoid\Y-G Arkanoid\Y-G Arkanoid\Y-G Arkanoid.vcxproj" (build target(s)).

Build succeeded.

Time Elapsed 00:00:01.62
