Build started 20/01/2011 04:20:33 p.m..
     1>Project "C:\Users\Yosbi Alves\Desktop\Y-Games\Y-G Arcanoid\Y-G Arkanoid\Y-G Arkanoid\Y-G Arkanoid.vcxproj" on node 2 (build target(s)).
     1>InitializeBuildStatus:
         Creating "Release\Y-G Arkanoid.unsuccessfulbuild" because "AlwaysCreate" was specified.
       ClCompile:
         C:\Program Files\Microsoft Visual Studio 10.0\VC\bin\CL.exe /c /Zi /nologo /W3 /WX- /O2 /Oi /Oy- /GL /D WIN32 /D NDEBUG /D _WINDOWS /Gm- /EHsc /MD /GS /Gy /fp:precise /Zc:wchar_t /Zc:forScope /Fo"Release\\" /Fd"Release\vc100.pdb" /Gd /TP /analyze- /errorReport:prompt ArkanoidGame.cpp
         ArkanoidGame.cpp
       ResourceCompile:
         All outputs are up-to-date.
       Link:
         C:\Program Files\Microsoft Visual Studio 10.0\VC\bin\link.exe /ERRORREPORT:PROMPT /OUT:"C:\Users\Yosbi Alves\Desktop\Y-Games\Y-G Arcanoid\Y-G Arkanoid\Release\Y-G Arkanoid.exe" /INCREMENTAL:NO /NOLOGO kernel32.lib user32.lib gdi32.lib winspool.lib comdlg32.lib advapi32.lib shell32.lib ole32.lib oleaut32.lib uuid.lib odbc32.lib odbccp32.lib /MANIFEST /ManifestFile:"Release\Y-G Arkanoid.exe.intermediate.manifest" /MANIFESTUAC:"level='asInvoker' uiAccess='false'" /DEBUG /PDB:"C:\Users\Yosbi Alves\Desktop\Y-Games\Y-G Arcanoid\Y-G Arkanoid\Release\Y-G Arkanoid.pdb" /SUBSYSTEM:WINDOWS /OPT:REF /OPT:ICF /LTCG /TLBID:1 /DYNAMICBASE /NXCOMPAT /IMPLIB:"C:\Users\Yosbi Alves\Desktop\Y-Games\Y-G Arcanoid\Y-G Arkanoid\Release\Y-G Arkanoid.lib" /MACHINE:X86 "Release\Y-G Arkanoid.res"
         Release\ArkanoidGame.obj
         Release\BackBuffer.obj
         Release\Circle.obj
         Release\Rect.obj
         Release\Sprite.obj
         Release\Vec2.obj
         "Release\Y-G Arkanoid.obj"
         Generating code
         Finished generating code
         Y-G Arkanoid.vcxproj -> C:\Users\Yosbi Alves\Desktop\Y-Games\Y-G Arcanoid\Y-G Arkanoid\Release\Y-G Arkanoid.exe
       Manifest:
         C:\Program Files\Microsoft SDKs\Windows\v7.0A\bin\mt.exe /nologo /verbose /outputresource:"C:\Users\Yosbi Alves\Desktop\Y-Games\Y-G Arcanoid\Y-G Arkanoid\Release\Y-G Arkanoid.exe;#1" /manifest "Release\Y-G Arkanoid.exe.intermediate.manifest"
       FinalizeBuildStatus:
         Deleting file "Release\Y-G Arkanoid.unsuccessfulbuild".
         Touching "Release\Y-G Arkanoid.lastbuildstate".
     1>Done Building Project "C:\Users\Yosbi Alves\Desktop\Y-Games\Y-G Arcanoid\Y-G Arkanoid\Y-G Arkanoid\Y-G Arkanoid.vcxproj" (build target(s)).

Build succeeded.

Time Elapsed 00:00:04.99
